2023-07-04 17:55:35,227 - DEBUG - found a sender
2023-07-04 17:55:35,228 - DEBUG - found a subject
2023-07-04 17:55:35,228 - DEBUG - found a date
2023-07-04 17:55:35,229 - DEBUG - found a body
2023-07-04 17:55:35,230 - DEBUG - Appending a file
2023-07-04 17:55:35,230 - DEBUG - found a sender
2023-07-04 17:55:35,230 - DEBUG - found a subject
2023-07-04 17:55:35,230 - DEBUG - found a date
2023-07-04 17:55:35,231 - DEBUG - found a body
2023-07-04 17:55:35,232 - DEBUG - Appending a file
2023-07-04 17:55:35,232 - DEBUG - found a sender
2023-07-04 17:55:35,232 - DEBUG - found a subject
2023-07-04 17:55:35,233 - DEBUG - found a date
2023-07-04 17:55:35,233 - DEBUG - found a body
2023-07-04 17:55:35,235 - DEBUG - Appending a file
2023-07-04 17:55:35,235 - DEBUG - found a sender
2023-07-04 17:55:35,235 - DEBUG - found a subject
2023-07-04 17:55:35,236 - DEBUG - found a date
2023-07-04 17:55:35,236 - DEBUG - found a body
2023-07-04 17:55:35,237 - DEBUG - Appending a file
2023-07-04 17:55:35,237 - DEBUG - found a sender
2023-07-04 17:55:35,238 - DEBUG - found a subject
2023-07-04 17:55:35,238 - DEBUG - found a date
2023-07-04 17:55:35,238 - DEBUG - found a body
2023-07-04 17:55:35,239 - DEBUG - Appending a file
2023-07-04 17:55:35,239 - DEBUG - found a sender
2023-07-04 17:55:35,240 - DEBUG - found a subject
2023-07-04 17:55:35,240 - DEBUG - found a date
2023-07-04 17:55:35,240 - DEBUG - found a body
2023-07-04 17:55:35,241 - DEBUG - Appending a file
2023-07-04 17:55:35,241 - DEBUG - found a sender
2023-07-04 17:55:35,242 - DEBUG - found a subject
2023-07-04 17:55:35,242 - DEBUG - found a date
2023-07-04 17:55:35,242 - DEBUG - found a body
2023-07-04 17:55:35,243 - DEBUG - Appending a file
2023-07-04 17:55:35,243 - DEBUG - found a sender
2023-07-04 17:55:35,244 - DEBUG - found a subject
2023-07-04 17:55:35,244 - DEBUG - found a date
2023-07-04 17:55:35,244 - DEBUG - found a body
2023-07-04 17:55:35,245 - DEBUG - Appending a file
2023-07-04 17:55:35,246 - DEBUG - found a sender
2023-07-04 17:55:35,246 - DEBUG - found a subject
2023-07-04 17:55:35,246 - DEBUG - found a date
2023-07-04 17:55:35,246 - DEBUG - found a body
2023-07-04 17:55:35,248 - DEBUG - Appending a file
2023-07-04 17:55:35,248 - DEBUG - found a sender
2023-07-04 17:55:35,249 - DEBUG - found a subject
2023-07-04 17:55:35,249 - DEBUG - found a date
2023-07-04 17:55:35,249 - DEBUG - found a body
2023-07-04 17:55:35,251 - DEBUG - Appending a file
2023-07-04 17:55:35,252 - DEBUG - found a sender
2023-07-04 17:55:35,252 - DEBUG - found a subject
2023-07-04 17:55:35,252 - DEBUG - found a date
2023-07-04 17:55:35,252 - DEBUG - found a body
2023-07-04 17:55:35,254 - DEBUG - Appending a file
2023-07-04 17:55:35,255 - DEBUG - found a sender
2023-07-04 17:55:35,255 - DEBUG - found a subject
2023-07-04 17:55:35,255 - DEBUG - found a date
2023-07-04 17:55:35,255 - DEBUG - found a body
2023-07-04 17:55:35,257 - DEBUG - Appending a file
2023-07-04 17:55:35,258 - DEBUG - found a sender
2023-07-04 17:55:35,258 - DEBUG - found a subject
2023-07-04 17:55:35,258 - DEBUG - found a date
2023-07-04 17:55:35,258 - DEBUG - found a body
2023-07-04 17:55:35,260 - DEBUG - Appending a file
2023-07-04 17:55:35,260 - DEBUG - found a sender
2023-07-04 17:55:35,261 - DEBUG - found a subject
2023-07-04 17:55:35,261 - DEBUG - found a date
2023-07-04 17:55:35,261 - DEBUG - found a body
2023-07-04 17:55:35,262 - DEBUG - Appending a file
