2023-11-23 18:05:18,451 - DEBUG - Did not attempt to use email
2023-11-23 18:08:38,851 - DEBUG - Did not attempt to use email
2023-11-23 18:09:01,419 - DEBUG - Did not attempt to use email
2023-11-23 18:09:21,013 - DEBUG - Did not attempt to use email
2023-11-23 18:09:58,614 - DEBUG - Did not attempt to use email
2023-11-23 18:11:20,534 - DEBUG - Did not attempt to use email
2023-11-23 18:11:58,006 - DEBUG - Did not attempt to use email
2023-11-23 18:12:11,267 - DEBUG - Did not attempt to use email
2023-11-23 18:12:11,277 - DEBUG - Found a non application email
2023-11-23 18:12:37,229 - DEBUG - Did not attempt to use email
2023-11-23 18:12:37,236 - DEBUG - Found a non application email
2023-11-23 18:12:37,239 - DEBUG - Found a non application email
2023-11-23 18:12:37,241 - DEBUG - Found a non application email
2023-11-23 18:12:37,246 - DEBUG - Found a non application email
2023-11-23 18:12:37,248 - DEBUG - Found a non application email
2023-11-23 18:12:37,250 - DEBUG - Found a non application email
2023-11-23 18:12:37,253 - DEBUG - Found a non application email
2023-11-23 18:12:37,256 - DEBUG - Found a non application email
2023-11-23 18:12:37,260 - DEBUG - Found a non application email
2023-11-23 18:12:37,264 - DEBUG - Found a non application email
2023-11-23 18:12:37,266 - DEBUG - Found a non application email
2023-11-23 18:12:37,270 - DEBUG - Found a non application email
2023-11-23 18:12:37,274 - DEBUG - Found a non application email
2023-11-23 18:12:37,277 - DEBUG - Found a non application email
2023-11-23 18:13:21,830 - DEBUG - Did not attempt to use email
2023-11-23 18:13:21,838 - DEBUG - Found a non application email
2023-11-23 18:13:21,840 - DEBUG - Found a non application email
2023-11-23 18:13:21,843 - DEBUG - Found a non application email
2023-11-23 18:13:21,846 - DEBUG - Found a non application email
2023-11-23 18:13:21,849 - DEBUG - Found a non application email
2023-11-23 18:13:21,851 - DEBUG - Found a non application email
2023-11-23 18:13:21,855 - DEBUG - Found a non application email
2023-11-23 18:13:21,857 - DEBUG - Found a non application email
2023-11-23 18:13:21,861 - DEBUG - Found a non application email
2023-11-23 18:13:21,864 - DEBUG - Found a non application email
2023-11-23 18:13:21,868 - DEBUG - Found a non application email
2023-11-23 18:13:21,874 - DEBUG - Found a non application email
2023-11-23 18:13:21,879 - DEBUG - Found a non application email
2023-11-23 18:13:21,882 - DEBUG - Found a non application email
2023-11-23 18:13:36,241 - DEBUG - Did not attempt to use email
2023-11-23 18:13:36,250 - DEBUG - Found a non application email
2023-11-23 18:13:36,253 - DEBUG - Found a non application email
2023-11-23 18:13:36,255 - DEBUG - Found a non application email
2023-11-23 18:13:36,258 - DEBUG - Found a non application email
2023-11-23 18:13:36,262 - DEBUG - Found a non application email
2023-11-23 18:13:36,265 - DEBUG - Found a non application email
2023-11-23 18:13:36,269 - DEBUG - Found a non application email
2023-11-23 18:13:36,272 - DEBUG - Found a non application email
2023-11-23 18:13:36,278 - DEBUG - Found a non application email
2023-11-23 18:13:36,282 - DEBUG - Found a non application email
2023-11-23 18:13:36,286 - DEBUG - Found a non application email
2023-11-23 18:13:36,290 - DEBUG - Found a non application email
2023-11-23 18:13:36,295 - DEBUG - Found a non application email
2023-11-23 18:13:36,298 - DEBUG - Found a non application email
2023-11-23 18:13:59,302 - DEBUG - Did not attempt to use email
2023-11-23 18:13:59,314 - DEBUG - Found a non application email
2023-11-23 18:13:59,317 - DEBUG - Found a non application email
2023-11-23 18:13:59,320 - DEBUG - Found a non application email
2023-11-23 18:13:59,323 - DEBUG - Found a non application email
2023-11-23 18:13:59,326 - DEBUG - Found a non application email
2023-11-23 18:13:59,331 - DEBUG - Found a non application email
2023-11-23 18:13:59,335 - DEBUG - Found a non application email
2023-11-23 18:13:59,338 - DEBUG - Found a non application email
2023-11-23 18:13:59,343 - DEBUG - Found a non application email
2023-11-23 18:13:59,358 - DEBUG - Found a non application email
2023-11-23 18:13:59,364 - DEBUG - Found a non application email
2023-11-23 18:13:59,371 - DEBUG - Found a non application email
2023-11-23 18:13:59,377 - DEBUG - Found a non application email
2023-11-23 18:13:59,382 - DEBUG - Found a non application email
2023-11-23 18:14:27,110 - DEBUG - Did not attempt to use email
2023-11-23 18:14:27,120 - DEBUG - Found a non application email
2023-11-23 18:14:27,124 - DEBUG - Found a non application email
2023-11-23 18:14:27,126 - DEBUG - Found a non application email
2023-11-23 18:14:27,130 - DEBUG - Found a non application email
2023-11-23 18:14:27,133 - DEBUG - Found a non application email
2023-11-23 18:14:27,137 - DEBUG - Found a non application email
2023-11-23 18:14:27,139 - DEBUG - Found a non application email
2023-11-23 18:14:27,142 - DEBUG - Found a non application email
2023-11-23 18:14:27,146 - DEBUG - Found a non application email
2023-11-23 18:14:27,150 - DEBUG - Found a non application email
2023-11-23 18:14:27,154 - DEBUG - Found a non application email
2023-11-23 18:14:27,157 - DEBUG - Found a non application email
2023-11-23 18:14:27,161 - DEBUG - Found a non application email
2023-11-23 18:14:27,165 - DEBUG - Found a non application email
2023-11-23 18:14:47,816 - DEBUG - Did not attempt to use email
2023-11-23 18:14:47,827 - DEBUG - Found a non application email
2023-11-23 18:14:47,830 - DEBUG - Found a non application email
2023-11-23 18:14:47,833 - DEBUG - Found a non application email
2023-11-23 18:14:47,835 - DEBUG - Found a non application email
2023-11-23 18:14:47,838 - DEBUG - Found a non application email
2023-11-23 18:14:47,840 - DEBUG - Found a non application email
2023-11-23 18:14:47,843 - DEBUG - Found a non application email
2023-11-23 18:14:47,848 - DEBUG - Found a non application email
2023-11-23 18:14:47,854 - DEBUG - Found a non application email
2023-11-23 18:14:47,859 - DEBUG - Found a non application email
2023-11-23 18:14:47,863 - DEBUG - Found a non application email
2023-11-23 18:14:47,868 - DEBUG - Found a non application email
2023-11-23 18:14:47,872 - DEBUG - Found a non application email
2023-11-23 18:14:47,876 - DEBUG - Found a non application email
2023-11-23 18:14:58,885 - DEBUG - Did not attempt to use email
2023-11-23 18:14:58,901 - DEBUG - Found a non application email
2023-11-23 18:14:58,911 - DEBUG - Found a non application email
2023-11-23 18:14:58,920 - DEBUG - Found a non application email
2023-11-23 18:14:58,928 - DEBUG - Found a non application email
2023-11-23 18:14:58,938 - DEBUG - Found a non application email
2023-11-23 18:14:58,948 - DEBUG - Found a non application email
2023-11-23 18:14:58,956 - DEBUG - Found a non application email
2023-11-23 18:14:58,965 - DEBUG - Found a non application email
2023-11-23 18:14:58,974 - DEBUG - Found a non application email
2023-11-23 18:14:58,981 - DEBUG - Found a non application email
2023-11-23 18:14:58,990 - DEBUG - Found a non application email
2023-11-23 18:14:58,999 - DEBUG - Found a non application email
2023-11-23 18:14:59,008 - DEBUG - Found a non application email
2023-11-23 18:14:59,018 - DEBUG - Found a non application email
2023-11-23 18:17:30,199 - DEBUG - Did not attempt to use email
2023-11-23 18:30:26,728 - DEBUG - Found a non application email
2023-11-23 18:30:26,742 - DEBUG - Found a non application email
2023-11-23 18:30:26,755 - DEBUG - Found a non application email
2023-11-23 18:30:26,769 - DEBUG - Found a non application email
2023-11-23 18:30:26,786 - DEBUG - Found a non application email
2023-11-23 18:30:26,802 - DEBUG - Found a non application email
2023-11-23 18:30:26,819 - DEBUG - Found a non application email
2023-11-23 18:30:26,834 - DEBUG - Found a non application email
2023-11-23 18:30:26,850 - DEBUG - Found a non application email
2023-11-23 18:30:26,863 - DEBUG - Found a non application email
2023-11-23 18:30:26,880 - DEBUG - Found a non application email
2023-11-23 18:30:26,893 - DEBUG - Found a non application email
2023-11-23 18:30:26,906 - DEBUG - Found a non application email
2023-11-23 18:30:26,924 - DEBUG - Found a non application email
2023-11-23 18:33:32,461 - DEBUG - Did not attempt to use email
2023-11-23 18:34:09,247 - DEBUG - Did not attempt to use email
2023-11-23 18:37:30,272 - DEBUG - Did not attempt to use email
2023-11-23 18:48:21,568 - DEBUG - Did not attempt to use email
2023-11-23 19:01:57,068 - DEBUG - Did not attempt to use email
2023-11-23 19:02:59,469 - DEBUG - Did not attempt to use email
2023-11-23 19:02:59,559 - DEBUG - Starting new HTTPS connection (1): www.linkedin.com:443
2023-11-23 19:03:00,349 - DEBUG - https://www.linkedin.com:443 "GET /jobs/view/3626133089/ HTTP/1.1" 301 0
2023-11-23 19:03:00,808 - DEBUG - https://www.linkedin.com:443 "GET /jobs/apex-systems-jobs?trk=expired_jd_redirect HTTP/1.1" 200 18227
2023-11-23 19:03:00,818 - DEBUG - Could not find the line with the job description in https://www.linkedin.com/jobs/view/3626133089/ in the email  Marlin, your application was sent to Apex Systems

2023-11-23 19:04:30,033 - DEBUG - Did not attempt to use email
2023-11-23 19:04:30,068 - DEBUG - Starting new HTTPS connection (1): www.linkedin.com:443
2023-11-23 19:04:30,645 - DEBUG - https://www.linkedin.com:443 "GET /jobs/view/3626133089/ HTTP/1.1" 301 0
2023-11-23 19:04:31,148 - DEBUG - https://www.linkedin.com:443 "GET /jobs/apex-systems-jobs?trk=expired_jd_redirect HTTP/1.1" 200 18273
2023-11-23 19:04:31,219 - DEBUG - Could not find the line with the job description in https://www.linkedin.com/jobs/view/3626133089/ in the email  Marlin, your application was sent to Apex Systems

2023-11-23 19:04:31,235 - DEBUG - Starting new HTTPS connection (1): www.linkedin.com:443
2023-11-23 19:04:31,752 - DEBUG - https://www.linkedin.com:443 "GET /jobs/view/3624825222/ HTTP/1.1" 301 0
2023-11-23 19:04:32,582 - DEBUG - https://www.linkedin.com:443 "GET /jobs/network-engineer-jobs?trk=expired_jd_redirect HTTP/1.1" 200 20292
2023-11-23 19:04:32,588 - DEBUG - Could not find the line with the job description in https://www.linkedin.com/jobs/view/3624825222/ in the email  Marlin, your application was sent to HCLTech

2023-11-23 19:04:32,607 - DEBUG - Starting new HTTPS connection (1): www.linkedin.com:443
2023-11-23 19:04:33,022 - DEBUG - https://www.linkedin.com:443 "GET /jobs/view/3629584367/ HTTP/1.1" 301 0
2023-11-23 19:04:33,804 - DEBUG - https://www.linkedin.com:443 "GET /jobs/network-engineer-jobs?trk=expired_jd_redirect HTTP/1.1" 200 20081
2023-11-23 19:04:33,809 - DEBUG - Could not find the line with the job description in https://www.linkedin.com/jobs/view/3629584367/ in the email  Marlin, your application was sent to Insight Global

2023-11-23 19:04:33,825 - DEBUG - Starting new HTTPS connection (1): www.linkedin.com:443
2023-11-23 19:04:34,192 - DEBUG - https://www.linkedin.com:443 "GET /jobs/view/3632183319/ HTTP/1.1" 301 0
2023-11-23 19:04:34,917 - DEBUG - https://www.linkedin.com:443 "GET /jobs/it-network-jobs?trk=expired_jd_redirect HTTP/1.1" 200 20752
2023-11-23 19:04:34,924 - DEBUG - Could not find the line with the job description in https://www.linkedin.com/jobs/view/3632183319/ in the email  Marlin, your application was sent to Jobot

2023-11-23 19:04:34,943 - DEBUG - Starting new HTTPS connection (1): www.linkedin.com:443
2023-11-23 19:04:35,658 - DEBUG - https://www.linkedin.com:443 "GET /jobs/view/3625339354/ HTTP/1.1" 200 21287
2023-11-23 19:04:35,714 - DEBUG - Could not find the line with the job description in https://www.linkedin.com/jobs/view/3625339354/ in the email  Marlin, your application was sent to LTIMindtree

2023-11-23 19:04:35,730 - DEBUG - Starting new HTTPS connection (1): www.linkedin.com:443
2023-11-23 19:04:36,412 - DEBUG - https://www.linkedin.com:443 "GET /jobs/view/3627282712/ HTTP/1.1" 301 0
2023-11-23 19:04:36,879 - DEBUG - https://www.linkedin.com:443 "GET /jobs/web-application-programmer-jobs?trk=expired_jd_redirect HTTP/1.1" 200 20301
2023-11-23 19:04:36,950 - DEBUG - Could not find the line with the job description in https://www.linkedin.com/jobs/view/3627282712/ in the email  Marlin, your application was sent to Premier Group Recruitment

2023-11-23 19:04:36,974 - DEBUG - Starting new HTTPS connection (1): www.linkedin.com:443
2023-11-23 19:04:37,531 - DEBUG - https://www.linkedin.com:443 "GET /jobs/view/3619515397/ HTTP/1.1" 301 0
2023-11-23 19:04:38,212 - DEBUG - https://www.linkedin.com:443 "GET /jobs/information-security-engineer-jobs?trk=expired_jd_redirect HTTP/1.1" 200 19056
2023-11-23 19:04:38,279 - DEBUG - Could not find the line with the job description in https://www.linkedin.com/jobs/view/3619515397/ in the email  Marlin, your application was sent to Robert Half

2023-11-23 19:04:38,297 - DEBUG - Found a non application email
2023-11-23 19:04:38,308 - DEBUG - Found a non application email
2023-11-23 19:04:38,320 - DEBUG - Found a non application email
2023-11-23 19:04:38,330 - DEBUG - Found a non application email
2023-11-23 19:04:38,344 - DEBUG - Found a non application email
2023-11-23 19:04:38,356 - DEBUG - Found a non application email
2023-11-23 19:04:38,370 - DEBUG - Found a non application email
2023-11-23 19:05:24,859 - DEBUG - Did not attempt to use email
2023-11-23 19:05:24,903 - DEBUG - Starting new HTTPS connection (1): www.linkedin.com:443
2023-11-23 19:05:25,445 - DEBUG - https://www.linkedin.com:443 "GET /jobs/view/3626133089/ HTTP/1.1" 301 0
2023-11-23 19:05:25,903 - DEBUG - https://www.linkedin.com:443 "GET /jobs/apex-systems-jobs?trk=expired_jd_redirect HTTP/1.1" 200 18245
2023-11-23 19:05:25,960 - DEBUG - Could not find the line with the job description in https://www.linkedin.com/jobs/view/3626133089/ in the email  Marlin, your application was sent to Apex Systems

2023-11-23 19:05:25,978 - DEBUG - Starting new HTTPS connection (1): www.linkedin.com:443
2023-11-23 19:05:26,454 - DEBUG - https://www.linkedin.com:443 "GET /jobs/view/3624825222/ HTTP/1.1" 301 0
2023-11-23 19:05:27,241 - DEBUG - https://www.linkedin.com:443 "GET /jobs/network-engineer-jobs?trk=expired_jd_redirect HTTP/1.1" 200 20297
2023-11-23 19:05:27,247 - DEBUG - Could not find the line with the job description in https://www.linkedin.com/jobs/view/3624825222/ in the email  Marlin, your application was sent to HCLTech

2023-11-23 19:05:27,265 - DEBUG - Starting new HTTPS connection (1): www.linkedin.com:443
2023-11-23 19:05:27,758 - DEBUG - https://www.linkedin.com:443 "GET /jobs/view/3629584367/ HTTP/1.1" 301 0
2023-11-23 19:05:28,591 - DEBUG - https://www.linkedin.com:443 "GET /jobs/network-engineer-jobs?trk=expired_jd_redirect HTTP/1.1" 200 19742
2023-11-23 19:05:28,646 - DEBUG - Could not find the line with the job description in https://www.linkedin.com/jobs/view/3629584367/ in the email  Marlin, your application was sent to Insight Global

2023-11-23 19:05:28,667 - DEBUG - Starting new HTTPS connection (1): www.linkedin.com:443
2023-11-23 19:05:29,051 - DEBUG - https://www.linkedin.com:443 "GET /jobs/view/3632183319/ HTTP/1.1" 301 0
2023-11-23 19:05:29,894 - DEBUG - https://www.linkedin.com:443 "GET /jobs/it-network-jobs?trk=expired_jd_redirect HTTP/1.1" 200 20385
2023-11-23 19:05:29,943 - DEBUG - Could not find the line with the job description in https://www.linkedin.com/jobs/view/3632183319/ in the email  Marlin, your application was sent to Jobot

2023-11-23 19:05:29,964 - DEBUG - Starting new HTTPS connection (1): www.linkedin.com:443
2023-11-23 19:05:30,575 - DEBUG - https://www.linkedin.com:443 "GET /jobs/view/3625339354/ HTTP/1.1" 200 21966
2023-11-23 19:05:30,630 - DEBUG - Could not find the line with the job description in https://www.linkedin.com/jobs/view/3625339354/ in the email  Marlin, your application was sent to LTIMindtree

2023-11-23 19:05:30,646 - DEBUG - Starting new HTTPS connection (1): www.linkedin.com:443
2023-11-23 19:05:31,352 - DEBUG - https://www.linkedin.com:443 "GET /jobs/view/3627282712/ HTTP/1.1" 301 0
2023-11-23 19:05:31,881 - DEBUG - https://www.linkedin.com:443 "GET /jobs/web-application-programmer-jobs?trk=expired_jd_redirect HTTP/1.1" 200 20280
2023-11-23 19:05:31,949 - DEBUG - Could not find the line with the job description in https://www.linkedin.com/jobs/view/3627282712/ in the email  Marlin, your application was sent to Premier Group Recruitment

2023-11-23 19:05:31,970 - DEBUG - Starting new HTTPS connection (1): www.linkedin.com:443
2023-11-23 19:05:32,466 - DEBUG - https://www.linkedin.com:443 "GET /jobs/view/3619515397/ HTTP/1.1" 301 0
2023-11-23 19:05:33,167 - DEBUG - https://www.linkedin.com:443 "GET /jobs/information-security-engineer-jobs?trk=expired_jd_redirect HTTP/1.1" 200 19067
2023-11-23 19:05:33,228 - DEBUG - Could not find the line with the job description in https://www.linkedin.com/jobs/view/3619515397/ in the email  Marlin, your application was sent to Robert Half

2023-11-23 19:05:33,243 - DEBUG - Found a non application email
2023-11-23 19:05:33,254 - DEBUG - Found a non application email
2023-11-23 19:05:33,264 - DEBUG - Found a non application email
2023-11-23 19:05:33,278 - DEBUG - Found a non application email
2023-11-23 19:05:33,292 - DEBUG - Found a non application email
2023-11-23 19:05:33,303 - DEBUG - Found a non application email
2023-11-23 19:05:33,320 - DEBUG - Found a non application email
2023-11-23 19:09:31,148 - DEBUG - Did not attempt to use email
2023-11-23 19:09:31,183 - DEBUG - Starting new HTTPS connection (1): www.linkedin.com:443
2023-11-23 19:09:31,745 - DEBUG - https://www.linkedin.com:443 "GET /jobs/view/3626133089/ HTTP/1.1" 301 0
2023-11-23 19:09:32,206 - DEBUG - https://www.linkedin.com:443 "GET /jobs/apex-systems-jobs?trk=expired_jd_redirect HTTP/1.1" 200 18233
2023-11-23 19:09:32,262 - DEBUG - Could not find the line with the job description in https://www.linkedin.com/jobs/view/3626133089/ in the email  Marlin, your application was sent to Apex Systems

2023-11-23 19:09:32,282 - DEBUG - Starting new HTTPS connection (1): www.linkedin.com:443
2023-11-23 19:09:32,714 - DEBUG - https://www.linkedin.com:443 "GET /jobs/view/3624825222/ HTTP/1.1" 301 0
2023-11-23 19:09:33,475 - DEBUG - https://www.linkedin.com:443 "GET /jobs/network-engineer-jobs?trk=expired_jd_redirect HTTP/1.1" 200 20091
2023-11-23 19:09:33,482 - DEBUG - Could not find the line with the job description in https://www.linkedin.com/jobs/view/3624825222/ in the email  Marlin, your application was sent to HCLTech

2023-11-23 19:09:33,505 - DEBUG - Starting new HTTPS connection (1): www.linkedin.com:443
2023-11-23 19:09:34,031 - DEBUG - https://www.linkedin.com:443 "GET /jobs/view/3629584367/ HTTP/1.1" 301 0
2023-11-23 19:09:34,931 - DEBUG - https://www.linkedin.com:443 "GET /jobs/network-engineer-jobs?trk=expired_jd_redirect HTTP/1.1" 200 20228
2023-11-23 19:09:34,939 - DEBUG - Could not find the line with the job description in https://www.linkedin.com/jobs/view/3629584367/ in the email  Marlin, your application was sent to Insight Global

2023-11-23 19:09:34,960 - DEBUG - Starting new HTTPS connection (1): www.linkedin.com:443
2023-11-23 19:09:35,339 - DEBUG - https://www.linkedin.com:443 "GET /jobs/view/3632183319/ HTTP/1.1" 301 0
2023-11-23 19:09:36,129 - DEBUG - https://www.linkedin.com:443 "GET /jobs/it-network-jobs?trk=expired_jd_redirect HTTP/1.1" 200 19665
2023-11-23 19:09:36,201 - DEBUG - Could not find the line with the job description in https://www.linkedin.com/jobs/view/3632183319/ in the email  Marlin, your application was sent to Jobot

2023-11-23 19:09:36,218 - DEBUG - Starting new HTTPS connection (1): www.linkedin.com:443
2023-11-23 19:09:36,823 - DEBUG - https://www.linkedin.com:443 "GET /jobs/view/3625339354/ HTTP/1.1" 200 21993
2023-11-23 19:09:36,877 - DEBUG - Could not find the line with the job description in https://www.linkedin.com/jobs/view/3625339354/ in the email  Marlin, your application was sent to LTIMindtree

2023-11-23 19:09:36,895 - DEBUG - Starting new HTTPS connection (1): www.linkedin.com:443
2023-11-23 19:09:37,593 - DEBUG - https://www.linkedin.com:443 "GET /jobs/view/3627282712/ HTTP/1.1" 301 0
2023-11-23 19:09:38,163 - DEBUG - https://www.linkedin.com:443 "GET /jobs/web-application-programmer-jobs?trk=expired_jd_redirect HTTP/1.1" 200 20270
2023-11-23 19:09:38,237 - DEBUG - Could not find the line with the job description in https://www.linkedin.com/jobs/view/3627282712/ in the email  Marlin, your application was sent to Premier Group Recruitment

2023-11-23 19:09:38,257 - DEBUG - Starting new HTTPS connection (1): www.linkedin.com:443
2023-11-23 19:09:38,691 - DEBUG - https://www.linkedin.com:443 "GET /jobs/view/3619515397/ HTTP/1.1" 301 0
2023-11-23 19:09:39,397 - DEBUG - https://www.linkedin.com:443 "GET /jobs/information-security-engineer-jobs?trk=expired_jd_redirect HTTP/1.1" 200 20064
2023-11-23 19:09:39,404 - DEBUG - Could not find the line with the job description in https://www.linkedin.com/jobs/view/3619515397/ in the email  Marlin, your application was sent to Robert Half

2023-11-23 19:09:39,423 - DEBUG - Found a non application email
2023-11-23 19:09:39,436 - DEBUG - Found a non application email
2023-11-23 19:09:39,450 - DEBUG - Found a non application email
2023-11-23 19:09:39,462 - DEBUG - Found a non application email
2023-11-23 19:09:39,474 - DEBUG - Found a non application email
2023-11-23 19:09:39,484 - DEBUG - Found a non application email
2023-11-23 19:09:39,498 - DEBUG - Found a non application email
